\BOOKMARK [2][-]{subsection.0.1}{total mass of a uniform parcel}{}% 1
\BOOKMARK [2][-]{subsection.0.2}{temperature}{}% 2
\BOOKMARK [2][-]{subsection.0.3}{pressure}{}% 3
\BOOKMARK [2][-]{subsection.0.4}{ideal gas \(equation of state\)}{}% 4
\BOOKMARK [2][-]{subsection.0.5}{state function}{}% 5
\BOOKMARK [2][-]{subsection.0.6}{process function}{}% 6
\BOOKMARK [2][-]{subsection.0.7}{internal energy}{}% 7
\BOOKMARK [2][-]{subsection.0.8}{internal energy \(dry ideal gas\)}{}% 8
\BOOKMARK [2][-]{subsection.0.9}{heat}{}% 9
\BOOKMARK [2][-]{subsection.0.10}{heat \(dry ideal gas\)}{}% 10
\BOOKMARK [2][-]{subsection.0.11}{potential temperature \(dry ideal gas\)}{}% 11
\BOOKMARK [2][-]{subsection.0.12}{\(saturation\) equivalent potential temperature}{}% 12
\BOOKMARK [2][-]{subsection.0.13}{liquid water potential temperature}{}% 13
\BOOKMARK [2][-]{subsection.0.14}{continuity of water}{}% 14
\BOOKMARK [2][-]{subsection.0.15}{thermodynamic equation}{}% 15
\BOOKMARK [2][-]{subsection.0.16}{reversible process}{}% 16
\BOOKMARK [2][-]{subsection.0.17}{entropy}{}% 17
\BOOKMARK [2][-]{subsection.0.18}{specific volume}{}% 18
\BOOKMARK [2][-]{subsection.0.19}{mixing ratio}{}% 19
\BOOKMARK [2][-]{subsection.0.20}{vapor mixing ratio}{}% 20
\BOOKMARK [2][-]{subsection.0.21}{saturation mixing ratio}{}% 21
\BOOKMARK [2][-]{subsection.0.22}{latent heat}{}% 22
\BOOKMARK [2][-]{subsection.0.23}{specific latent heat}{}% 23
\BOOKMARK [2][-]{subsection.0.24}{Clausius-Claperon Relation}{}% 24
\BOOKMARK [2][-]{subsection.0.25}{saturation vapor pressure}{}% 25
\BOOKMARK [2][-]{subsection.0.26}{unsaturated vapor pressure}{}% 26
\BOOKMARK [2][-]{subsection.0.27}{relative humidity}{}% 27
\BOOKMARK [2][-]{subsection.0.28}{virtual temperature}{}% 28
\BOOKMARK [2][-]{subsection.0.29}{virtual potential temperature}{}% 29
\BOOKMARK [2][-]{subsection.0.30}{lifting condensation level \(LCL\)}{}% 30
\BOOKMARK [2][-]{subsection.0.31}{level of free convection \(LFC\)}{}% 31
\BOOKMARK [2][-]{subsection.0.32}{equilibrium level \(EL\)}{}% 32
\BOOKMARK [2][-]{subsection.0.33}{dew point/condensate temperature}{}% 33
\BOOKMARK [2][-]{subsection.0.34}{wet bulb temperature}{}% 34
\BOOKMARK [2][-]{subsection.0.35}{convective inhibition \(CIN\)}{}% 35
\BOOKMARK [2][-]{subsection.0.36}{convective available potential energy \(CAPE\)}{}% 36
