\BOOKMARK [2][-]{subsection.0.1}{Wavenumber, angular frequency, complex plane}{}% 1
\BOOKMARK [2][-]{subsection.0.2}{Inertial and non-inertial reference frame}{}% 2
\BOOKMARK [2][-]{subsection.0.3}{Field, Eulerian, Lagrangian}{}% 3
\BOOKMARK [2][-]{subsection.0.4}{streamline}{}% 4
\BOOKMARK [2][-]{subsection.0.5}{Material derivative/Lagrangian derivative}{}% 5
\BOOKMARK [2][-]{subsection.0.6}{Volume material derivative}{}% 6
\BOOKMARK [2][-]{subsection.0.7}{Gauss' Theorem \(divergence theorem\)}{}% 7
\BOOKMARK [2][-]{subsection.0.8}{linear strain rate}{}% 8
\BOOKMARK [2][-]{subsection.0.9}{shear strain rate}{}% 9
\BOOKMARK [2][-]{subsection.0.10}{strain rate tensor}{}% 10
\BOOKMARK [2][-]{subsection.0.11}{Mass continuity via material derivative}{}% 11
\BOOKMARK [2][-]{subsection.0.12}{Tangential Vector of a functional surface}{}% 12
\BOOKMARK [2][-]{subsection.0.13}{Tensor}{}% 13
\BOOKMARK [3][-]{subsubsection.0.13.1}{Properties}{subsection.0.13}% 14
\BOOKMARK [3][-]{subsubsection.0.13.2}{Components}{subsection.0.13}% 15
\BOOKMARK [3][-]{subsubsection.0.13.3}{Multilinearity}{subsection.0.13}% 16
\BOOKMARK [3][-]{subsubsection.0.13.4}{Covariant and Contravariant components of a vectors}{subsection.0.13}% 17
\BOOKMARK [2][-]{subsection.0.14}{Upscale KE backscatter}{}% 18
\BOOKMARK [2][-]{subsection.0.15}{static pressure gradient force}{}% 19
\BOOKMARK [2][-]{subsection.0.16}{Flux}{}% 20
\BOOKMARK [2][-]{subsection.0.17}{anelastic approximation}{}% 21
\BOOKMARK [2][-]{subsection.0.18}{Boussinesq approximation}{}% 22
\BOOKMARK [2][-]{subsection.0.19}{dynamic viscosity}{}% 23
\BOOKMARK [2][-]{subsection.0.20}{kinematic viscosity}{}% 24
\BOOKMARK [2][-]{subsection.0.21}{conservation of momentum}{}% 25
\BOOKMARK [2][-]{subsection.0.22}{down gradient turbulent trasport}{}% 26
\BOOKMARK [2][-]{subsection.0.23}{Websites}{}% 27
