\BOOKMARK [2][-]{subsection.0.1}{Perspective function preserves convex sets}{}% 1
\BOOKMARK [2][-]{subsection.0.2}{Operations that preserve convexity}{}% 2
\BOOKMARK [3][-]{subsubsection.0.2.1}{Nonneg Weighted Sum}{subsection.0.2}% 3
\BOOKMARK [2][-]{subsection.0.3}{Conjugate function}{}% 4
\BOOKMARK [3][-]{subsubsection.0.3.1}{Definition}{subsection.0.3}% 5
\BOOKMARK [3][-]{subsubsection.0.3.2}{Examples \(convex functions\)}{subsection.0.3}% 6
\BOOKMARK [3][-]{subsubsection.0.3.3}{Basic Properties}{subsection.0.3}% 7
\BOOKMARK [2][-]{subsection.0.4}{Quasiconvex Functions}{}% 8
\BOOKMARK [3][-]{subsubsection.0.4.1}{Definition}{subsection.0.4}% 9
\BOOKMARK [3][-]{subsubsection.0.4.2}{Examples}{subsection.0.4}% 10
\BOOKMARK [3][-]{subsubsection.0.4.3}{Basic Properties}{subsection.0.4}% 11
\BOOKMARK [2][-]{subsection.0.5}{Differntiable Quasiconvex Functions}{}% 12
\BOOKMARK [3][-]{subsubsection.0.5.1}{1-order conditions}{subsection.0.5}% 13
\BOOKMARK [3][-]{subsubsection.0.5.2}{2-order conditions}{subsection.0.5}% 14
\BOOKMARK [2][-]{subsection.0.6}{Operations that Preserve Quasiconvexity}{}% 15
\BOOKMARK [3][-]{subsubsection.0.6.1}{Nonneg weighted maximum}{subsection.0.6}% 16
\BOOKMARK [3][-]{subsubsection.0.6.2}{Composition}{subsection.0.6}% 17
\BOOKMARK [3][-]{subsubsection.0.6.3}{Minimization}{subsection.0.6}% 18
\BOOKMARK [2][-]{subsection.0.7}{Representation via family of convex functions}{}% 19
\BOOKMARK [3][-]{subsubsection.0.7.1}{Example: Convex over Concave function}{subsection.0.7}% 20
\BOOKMARK [1][-]{section.1}{Log-concave and Log-convex functions}{}% 21
\BOOKMARK [2][-]{subsection.1.1}{Definition}{section.1}% 22
\BOOKMARK [2][-]{subsection.1.2}{Properties}{section.1}% 23
\BOOKMARK [3][-]{subsubsection.1.2.1}{Convexity \(concavity\) by twice differentiable condition}{subsection.1.2}% 24
\BOOKMARK [1][-]{section.2}{Function Convexity wrt Generalized Inequality}{}% 25
\BOOKMARK [2][-]{subsection.2.1}{Monotonicity wrt generalized inequality}{section.2}% 26
\BOOKMARK [3][-]{subsubsection.2.1.1}{K-non-decreasing}{subsection.2.1}% 27
